2024-12-06 14:58:29,143 [Worker-8: Loading available Gradle versions] INFO  o.e.b.c.i.u.g.PublishedGradleVersions - Gradle version information cache is up-to-date. Trying to read.
2024-12-06 14:59:02,451 [Worker-6: Importing Maven projects] INFO  o.e.m.c.i.l.LifecycleMappingFactory - Using org.maven.ide.eclipse.wtp.WarLifecycleMapping lifecycle mapping for MavenProject: com.klef:studentfeedbackbackend:0.0.1-SNAPSHOT @ C:\Users\Rama Teja\Dropbox\PC\Desktop\Sudharsh Project\backend\studentfeedbackbackend\pom.xml.
2024-12-06 14:59:07,400 [Worker-6: Importing Maven projects] INFO  o.e.m.j.i.AbstractJavaProjectConfigurator - Adding source folder /studentfeedbackbackend/src/main/java
2024-12-06 14:59:07,408 [Worker-6: Importing Maven projects] INFO  o.e.m.j.i.AbstractJavaProjectConfigurator - Adding resource folder /studentfeedbackbackend/src/main/resources
2024-12-06 14:59:07,412 [Worker-6: Importing Maven projects] INFO  o.e.m.j.i.AbstractJavaProjectConfigurator - Adding resource folder /studentfeedbackbackend/src/main/resources
2024-12-06 14:59:07,415 [Worker-6: Importing Maven projects] INFO  o.e.m.j.i.AbstractJavaProjectConfigurator - Adding source folder /studentfeedbackbackend/src/test/java
2024-12-06 14:59:07,419 [Worker-6: Importing Maven projects] INFO  o.e.m.j.i.AbstractJavaProjectConfigurator - Adding resource folder /studentfeedbackbackend/src/test/resources
2024-12-06 14:59:10,099 [Worker-6: Importing Maven projects] INFO  o.e.m.c.i.p.ProjectConfigurationManager - Imported and configured 1 project(s) in 14 sec
2024-12-06 14:59:13,617 [Worker-5: Building] INFO  o.a.m.s.f.DefaultMavenResourcesFiltering - Copying 1 resource from src\main\resources to target\classes
2024-12-06 14:59:13,699 [Worker-5: Building] INFO  o.a.m.s.f.DefaultMavenResourcesFiltering - Copying 0 resource from src\main\resources to target\classes
2024-12-06 14:59:13,716 [Worker-5: Building] INFO  o.a.m.s.f.DefaultMavenResourcesFiltering - skip non existing resourceDirectory C:\Users\Rama Teja\Dropbox\PC\Desktop\Sudharsh Project\backend\studentfeedbackbackend\src\test\resources
2024-12-06 15:01:35,841 [Start Help Server] INFO  org.eclipse.jetty.server.Server - jetty-12.0.9; built: 2024-05-03T13:03:17.262Z; git: efe8023327e67287f9bfd006700e6a71d45b5dd6; jvm 21.0.3+9-LTS
2024-12-06 15:01:36,008 [Start Help Server] INFO  o.e.j.server.handler.ContextHandler - Started oeje8n.ContextHandler$CoreContextHandler@be2794a{/help,/help,b=null,a=AVAILABLE,h=oeje8n.ContextHandler$CoreContextHandler$CoreToNestedHandler@33bfc768{STARTED}}
2024-12-06 15:01:36,010 [Start Help Server] INFO  o.e.j.s.DefaultSessionIdManager - Session workerName=node0
2024-12-06 15:01:36,084 [Start Help Server] INFO  o.e.jetty.server.AbstractConnector - Started ServerConnector@229edd90{HTTP/1.1, (http/1.1)}{127.0.0.1:50899}
2024-12-06 15:01:36,098 [Start Help Server] INFO  org.eclipse.jetty.server.Server - Started oejs.Server@e0c7675{STARTING}[12.0.9,sto=0] @228878ms
2024-12-06 15:05:47,724 [Worker-14: Building] INFO  o.a.m.s.f.DefaultMavenResourcesFiltering - Copying 1 resource from src\main\resources to target\classes
2024-12-06 15:05:47,750 [Worker-14: Building] INFO  o.a.m.s.f.DefaultMavenResourcesFiltering - Copying 0 resource from src\main\resources to target\classes
2024-12-06 15:05:47,757 [Worker-14: Building] INFO  o.a.m.s.f.DefaultMavenResourcesFiltering - skip non existing resourceDirectory C:\Users\Rama Teja\Dropbox\PC\Desktop\Sudharsh Project\backend\studentfeedbackbackend\src\test\resources
2024-12-06 15:13:41,183 [Worker-21: Building] INFO  o.a.m.s.f.DefaultMavenResourcesFiltering - Copying 1 resource from src\main\resources to target\classes
2024-12-06 15:13:41,199 [Worker-21: Building] INFO  o.a.m.s.f.DefaultMavenResourcesFiltering - Copying 0 resource from src\main\resources to target\classes
2024-12-06 15:13:41,214 [Worker-21: Building] INFO  o.a.m.s.f.DefaultMavenResourcesFiltering - skip non existing resourceDirectory C:\Users\Rama Teja\Dropbox\PC\Desktop\Sudharsh Project\backend\studentfeedbackbackend\src\test\resources
2024-12-06 15:14:02,268 [Worker-14: Building] INFO  o.a.m.s.f.DefaultMavenResourcesFiltering - Copying 1 resource from src\main\resources to target\classes
2024-12-06 15:14:02,284 [Worker-14: Building] INFO  o.a.m.s.f.DefaultMavenResourcesFiltering - Copying 0 resource from src\main\resources to target\classes
2024-12-06 15:14:02,289 [Worker-14: Building] INFO  o.a.m.s.f.DefaultMavenResourcesFiltering - skip non existing resourceDirectory C:\Users\Rama Teja\Dropbox\PC\Desktop\Sudharsh Project\backend\studentfeedbackbackend\src\test\resources
2024-12-06 15:14:25,109 [Worker-20: Building] INFO  o.a.m.s.f.DefaultMavenResourcesFiltering - Copying 1 resource from src\main\resources to target\classes
2024-12-06 15:14:25,125 [Worker-20: Building] INFO  o.a.m.s.f.DefaultMavenResourcesFiltering - Copying 0 resource from src\main\resources to target\classes
2024-12-06 15:14:25,131 [Worker-20: Building] INFO  o.a.m.s.f.DefaultMavenResourcesFiltering - skip non existing resourceDirectory C:\Users\Rama Teja\Dropbox\PC\Desktop\Sudharsh Project\backend\studentfeedbackbackend\src\test\resources
2024-12-06 15:15:02,488 [Worker-17: Building] INFO  o.a.m.s.f.DefaultMavenResourcesFiltering - Copying 1 resource from src\main\resources to target\classes
2024-12-06 15:15:02,502 [Worker-17: Building] INFO  o.a.m.s.f.DefaultMavenResourcesFiltering - Copying 0 resource from src\main\resources to target\classes
2024-12-06 15:15:02,510 [Worker-17: Building] INFO  o.a.m.s.f.DefaultMavenResourcesFiltering - skip non existing resourceDirectory C:\Users\Rama Teja\Dropbox\PC\Desktop\Sudharsh Project\backend\studentfeedbackbackend\src\test\resources
2024-12-06 15:18:01,336 [Worker-25: Building] INFO  o.a.m.s.f.DefaultMavenResourcesFiltering - Copying 1 resource from src\main\resources to target\classes
2024-12-06 15:18:01,349 [Worker-25: Building] INFO  o.a.m.s.f.DefaultMavenResourcesFiltering - Copying 0 resource from src\main\resources to target\classes
2024-12-06 15:18:01,356 [Worker-25: Building] INFO  o.a.m.s.f.DefaultMavenResourcesFiltering - skip non existing resourceDirectory C:\Users\Rama Teja\Dropbox\PC\Desktop\Sudharsh Project\backend\studentfeedbackbackend\src\test\resources
2024-12-06 15:18:22,341 [Worker-26: Building] INFO  o.a.m.s.f.DefaultMavenResourcesFiltering - Copying 1 resource from src\main\resources to target\classes
2024-12-06 15:18:22,351 [Worker-26: Building] INFO  o.a.m.s.f.DefaultMavenResourcesFiltering - Copying 0 resource from src\main\resources to target\classes
2024-12-06 15:18:22,356 [Worker-26: Building] INFO  o.a.m.s.f.DefaultMavenResourcesFiltering - skip non existing resourceDirectory C:\Users\Rama Teja\Dropbox\PC\Desktop\Sudharsh Project\backend\studentfeedbackbackend\src\test\resources
2024-12-06 15:20:57,684 [Worker-27: Building] INFO  o.a.m.s.f.DefaultMavenResourcesFiltering - Copying 1 resource from src\main\resources to target\classes
2024-12-06 15:20:57,693 [Worker-27: Building] INFO  o.a.m.s.f.DefaultMavenResourcesFiltering - Copying 0 resource from src\main\resources to target\classes
2024-12-06 15:20:57,698 [Worker-27: Building] INFO  o.a.m.s.f.DefaultMavenResourcesFiltering - skip non existing resourceDirectory C:\Users\Rama Teja\Dropbox\PC\Desktop\Sudharsh Project\backend\studentfeedbackbackend\src\test\resources
2024-12-06 15:21:17,468 [Worker-29: Building] INFO  o.a.m.s.f.DefaultMavenResourcesFiltering - Copying 1 resource from src\main\resources to target\classes
2024-12-06 15:21:17,475 [Worker-29: Building] INFO  o.a.m.s.f.DefaultMavenResourcesFiltering - Copying 0 resource from src\main\resources to target\classes
2024-12-06 15:21:17,481 [Worker-29: Building] INFO  o.a.m.s.f.DefaultMavenResourcesFiltering - skip non existing resourceDirectory C:\Users\Rama Teja\Dropbox\PC\Desktop\Sudharsh Project\backend\studentfeedbackbackend\src\test\resources
2024-12-06 15:23:11,555 [Worker-31: Building] INFO  o.a.m.s.f.DefaultMavenResourcesFiltering - Copying 1 resource from src\main\resources to target\classes
2024-12-06 15:23:11,566 [Worker-31: Building] INFO  o.a.m.s.f.DefaultMavenResourcesFiltering - Copying 0 resource from src\main\resources to target\classes
2024-12-06 15:23:11,573 [Worker-31: Building] INFO  o.a.m.s.f.DefaultMavenResourcesFiltering - skip non existing resourceDirectory C:\Users\Rama Teja\Dropbox\PC\Desktop\Sudharsh Project\backend\studentfeedbackbackend\src\test\resources
2024-12-06 15:30:08,725 [Worker-33: Building] INFO  o.a.m.s.f.DefaultMavenResourcesFiltering - Copying 1 resource from src\main\resources to target\classes
2024-12-06 15:30:08,740 [Worker-33: Building] INFO  o.a.m.s.f.DefaultMavenResourcesFiltering - Copying 0 resource from src\main\resources to target\classes
2024-12-06 15:30:08,748 [Worker-33: Building] INFO  o.a.m.s.f.DefaultMavenResourcesFiltering - skip non existing resourceDirectory C:\Users\Rama Teja\Dropbox\PC\Desktop\Sudharsh Project\backend\studentfeedbackbackend\src\test\resources
2024-12-06 15:30:22,235 [Worker-35: Building] INFO  o.a.m.s.f.DefaultMavenResourcesFiltering - Copying 1 resource from src\main\resources to target\classes
2024-12-06 15:30:22,246 [Worker-35: Building] INFO  o.a.m.s.f.DefaultMavenResourcesFiltering - Copying 0 resource from src\main\resources to target\classes
2024-12-06 15:30:22,251 [Worker-35: Building] INFO  o.a.m.s.f.DefaultMavenResourcesFiltering - skip non existing resourceDirectory C:\Users\Rama Teja\Dropbox\PC\Desktop\Sudharsh Project\backend\studentfeedbackbackend\src\test\resources
2024-12-06 15:34:14,070 [Worker-28: Building] INFO  o.a.m.s.f.DefaultMavenResourcesFiltering - Copying 1 resource from src\main\resources to target\classes
2024-12-06 15:34:14,084 [Worker-28: Building] INFO  o.a.m.s.f.DefaultMavenResourcesFiltering - Copying 0 resource from src\main\resources to target\classes
2024-12-06 15:34:14,089 [Worker-28: Building] INFO  o.a.m.s.f.DefaultMavenResourcesFiltering - skip non existing resourceDirectory C:\Users\Rama Teja\Dropbox\PC\Desktop\Sudharsh Project\backend\studentfeedbackbackend\src\test\resources
2024-12-06 15:34:25,122 [Worker-39: Building] INFO  o.a.m.s.f.DefaultMavenResourcesFiltering - Copying 1 resource from src\main\resources to target\classes
2024-12-06 15:34:25,134 [Worker-39: Building] INFO  o.a.m.s.f.DefaultMavenResourcesFiltering - Copying 0 resource from src\main\resources to target\classes
2024-12-06 15:34:25,140 [Worker-39: Building] INFO  o.a.m.s.f.DefaultMavenResourcesFiltering - skip non existing resourceDirectory C:\Users\Rama Teja\Dropbox\PC\Desktop\Sudharsh Project\backend\studentfeedbackbackend\src\test\resources
2024-12-06 15:39:17,535 [Worker-38: Building] INFO  o.a.m.s.f.DefaultMavenResourcesFiltering - Copying 1 resource from src\main\resources to target\classes
2024-12-06 15:39:17,547 [Worker-38: Building] INFO  o.a.m.s.f.DefaultMavenResourcesFiltering - Copying 0 resource from src\main\resources to target\classes
2024-12-06 15:39:17,552 [Worker-38: Building] INFO  o.a.m.s.f.DefaultMavenResourcesFiltering - skip non existing resourceDirectory C:\Users\Rama Teja\Dropbox\PC\Desktop\Sudharsh Project\backend\studentfeedbackbackend\src\test\resources
2024-12-06 15:39:22,610 [Worker-41: Building] INFO  o.a.m.s.f.DefaultMavenResourcesFiltering - Copying 1 resource from src\main\resources to target\classes
2024-12-06 15:39:22,622 [Worker-41: Building] INFO  o.a.m.s.f.DefaultMavenResourcesFiltering - Copying 0 resource from src\main\resources to target\classes
2024-12-06 15:39:22,628 [Worker-41: Building] INFO  o.a.m.s.f.DefaultMavenResourcesFiltering - skip non existing resourceDirectory C:\Users\Rama Teja\Dropbox\PC\Desktop\Sudharsh Project\backend\studentfeedbackbackend\src\test\resources
2024-12-06 15:39:50,443 [Worker-42: Building] INFO  o.a.m.s.f.DefaultMavenResourcesFiltering - Copying 1 resource from src\main\resources to target\classes
2024-12-06 15:39:50,455 [Worker-42: Building] INFO  o.a.m.s.f.DefaultMavenResourcesFiltering - Copying 0 resource from src\main\resources to target\classes
2024-12-06 15:39:50,459 [Worker-42: Building] INFO  o.a.m.s.f.DefaultMavenResourcesFiltering - skip non existing resourceDirectory C:\Users\Rama Teja\Dropbox\PC\Desktop\Sudharsh Project\backend\studentfeedbackbackend\src\test\resources
2024-12-06 15:39:54,754 [Worker-39: Building] INFO  o.a.m.s.f.DefaultMavenResourcesFiltering - Copying 1 resource from src\main\resources to target\classes
2024-12-06 15:39:54,765 [Worker-39: Building] INFO  o.a.m.s.f.DefaultMavenResourcesFiltering - Copying 0 resource from src\main\resources to target\classes
2024-12-06 15:39:54,770 [Worker-39: Building] INFO  o.a.m.s.f.DefaultMavenResourcesFiltering - skip non existing resourceDirectory C:\Users\Rama Teja\Dropbox\PC\Desktop\Sudharsh Project\backend\studentfeedbackbackend\src\test\resources
2024-12-06 15:40:26,670 [Worker-44: Building] INFO  o.a.m.s.f.DefaultMavenResourcesFiltering - Copying 1 resource from src\main\resources to target\classes
2024-12-06 15:40:26,681 [Worker-44: Building] INFO  o.a.m.s.f.DefaultMavenResourcesFiltering - Copying 0 resource from src\main\resources to target\classes
2024-12-06 15:40:26,687 [Worker-44: Building] INFO  o.a.m.s.f.DefaultMavenResourcesFiltering - skip non existing resourceDirectory C:\Users\Rama Teja\Dropbox\PC\Desktop\Sudharsh Project\backend\studentfeedbackbackend\src\test\resources
2024-12-06 16:15:14,103 [Worker-54: Building] INFO  o.a.m.s.f.DefaultMavenResourcesFiltering - Copying 1 resource from src\main\resources to target\classes
2024-12-06 16:15:14,143 [Worker-54: Building] INFO  o.a.m.s.f.DefaultMavenResourcesFiltering - Copying 0 resource from src\main\resources to target\classes
2024-12-06 16:15:14,152 [Worker-54: Building] INFO  o.a.m.s.f.DefaultMavenResourcesFiltering - skip non existing resourceDirectory C:\Users\Rama Teja\Dropbox\PC\Desktop\Sudharsh Project\backend\studentfeedbackbackend\src\test\resources
2024-12-06 16:19:01,982 [Worker-57: Building] INFO  o.a.m.s.f.DefaultMavenResourcesFiltering - Copying 1 resource from src\main\resources to target\classes
2024-12-06 16:19:02,008 [Worker-57: Building] INFO  o.a.m.s.f.DefaultMavenResourcesFiltering - Copying 0 resource from src\main\resources to target\classes
2024-12-06 16:19:02,023 [Worker-57: Building] INFO  o.a.m.s.f.DefaultMavenResourcesFiltering - skip non existing resourceDirectory C:\Users\Rama Teja\Dropbox\PC\Desktop\Sudharsh Project\backend\studentfeedbackbackend\src\test\resources
2024-12-06 21:04:48,992 [Worker-67: Building] INFO  o.a.m.s.f.DefaultMavenResourcesFiltering - Copying 1 resource from src\main\resources to target\classes
2024-12-06 21:04:49,032 [Worker-67: Building] INFO  o.a.m.s.f.DefaultMavenResourcesFiltering - Copying 0 resource from src\main\resources to target\classes
2024-12-06 21:04:49,035 [Worker-67: Building] INFO  o.a.m.s.f.DefaultMavenResourcesFiltering - skip non existing resourceDirectory C:\Users\Rama Teja\Dropbox\PC\Desktop\Sudharsh Project\backend\studentfeedbackbackend\src\test\resources
2024-12-06 21:28:57,727 [Worker-78: Building] INFO  o.a.m.s.f.DefaultMavenResourcesFiltering - Copying 1 resource from src\main\resources to target\classes
2024-12-06 21:28:57,734 [Worker-78: Building] INFO  o.a.m.s.f.DefaultMavenResourcesFiltering - Copying 0 resource from src\main\resources to target\classes
2024-12-06 21:28:57,737 [Worker-78: Building] INFO  o.a.m.s.f.DefaultMavenResourcesFiltering - skip non existing resourceDirectory C:\Users\Rama Teja\Dropbox\PC\Desktop\Sudharsh Project\backend\studentfeedbackbackend\src\test\resources
2024-12-06 21:29:13,773 [Worker-77: Building] INFO  o.a.m.s.f.DefaultMavenResourcesFiltering - Copying 1 resource from src\main\resources to target\classes
2024-12-06 21:29:13,787 [Worker-77: Building] INFO  o.a.m.s.f.DefaultMavenResourcesFiltering - Copying 0 resource from src\main\resources to target\classes
2024-12-06 21:29:13,790 [Worker-77: Building] INFO  o.a.m.s.f.DefaultMavenResourcesFiltering - skip non existing resourceDirectory C:\Users\Rama Teja\Dropbox\PC\Desktop\Sudharsh Project\backend\studentfeedbackbackend\src\test\resources
2024-12-06 21:29:19,250 [Worker-77: Building] INFO  o.a.m.s.f.DefaultMavenResourcesFiltering - Copying 1 resource from src\main\resources to target\classes
2024-12-06 21:29:19,258 [Worker-77: Building] INFO  o.a.m.s.f.DefaultMavenResourcesFiltering - Copying 0 resource from src\main\resources to target\classes
2024-12-06 21:29:19,260 [Worker-77: Building] INFO  o.a.m.s.f.DefaultMavenResourcesFiltering - skip non existing resourceDirectory C:\Users\Rama Teja\Dropbox\PC\Desktop\Sudharsh Project\backend\studentfeedbackbackend\src\test\resources
2024-12-06 21:39:36,975 [Worker-81: Building] INFO  o.a.m.s.f.DefaultMavenResourcesFiltering - Copying 1 resource from src\main\resources to target\classes
2024-12-06 21:39:36,992 [Worker-81: Building] INFO  o.a.m.s.f.DefaultMavenResourcesFiltering - Copying 0 resource from src\main\resources to target\classes
2024-12-06 21:39:36,996 [Worker-81: Building] INFO  o.a.m.s.f.DefaultMavenResourcesFiltering - skip non existing resourceDirectory C:\Users\Rama Teja\Dropbox\PC\Desktop\Sudharsh Project\backend\studentfeedbackbackend\src\test\resources
2024-12-06 21:46:39,698 [Worker-88: Building] INFO  o.a.m.s.f.DefaultMavenResourcesFiltering - Copying 1 resource from src\main\resources to target\classes
2024-12-06 21:46:39,709 [Worker-88: Building] INFO  o.a.m.s.f.DefaultMavenResourcesFiltering - Copying 0 resource from src\main\resources to target\classes
2024-12-06 21:46:39,712 [Worker-88: Building] INFO  o.a.m.s.f.DefaultMavenResourcesFiltering - skip non existing resourceDirectory C:\Users\Rama Teja\Dropbox\PC\Desktop\Sudharsh Project\backend\studentfeedbackbackend\src\test\resources
2024-12-06 21:55:52,619 [Worker-83: Building] INFO  o.a.m.s.f.DefaultMavenResourcesFiltering - Copying 1 resource from src\main\resources to target\classes
2024-12-06 21:55:52,631 [Worker-83: Building] INFO  o.a.m.s.f.DefaultMavenResourcesFiltering - Copying 0 resource from src\main\resources to target\classes
2024-12-06 21:55:52,634 [Worker-83: Building] INFO  o.a.m.s.f.DefaultMavenResourcesFiltering - skip non existing resourceDirectory C:\Users\Rama Teja\Dropbox\PC\Desktop\Sudharsh Project\backend\studentfeedbackbackend\src\test\resources
2024-12-06 22:06:41,385 [Worker-95: Building] INFO  o.a.m.s.f.DefaultMavenResourcesFiltering - Copying 1 resource from src\main\resources to target\classes
2024-12-06 22:06:41,414 [Worker-95: Building] INFO  o.a.m.s.f.DefaultMavenResourcesFiltering - Copying 0 resource from src\main\resources to target\classes
2024-12-06 22:06:41,417 [Worker-95: Building] INFO  o.a.m.s.f.DefaultMavenResourcesFiltering - skip non existing resourceDirectory C:\Users\Rama Teja\Dropbox\PC\Desktop\Sudharsh Project\backend\studentfeedbackbackend\src\test\resources
2024-12-06 22:07:46,952 [Worker-95: Building] INFO  o.a.m.s.f.DefaultMavenResourcesFiltering - Copying 1 resource from src\main\resources to target\classes
2024-12-06 22:07:46,958 [Worker-95: Building] INFO  o.a.m.s.f.DefaultMavenResourcesFiltering - Copying 0 resource from src\main\resources to target\classes
2024-12-06 22:07:46,961 [Worker-95: Building] INFO  o.a.m.s.f.DefaultMavenResourcesFiltering - skip non existing resourceDirectory C:\Users\Rama Teja\Dropbox\PC\Desktop\Sudharsh Project\backend\studentfeedbackbackend\src\test\resources
2024-12-06 22:07:52,323 [Worker-99: Building] INFO  o.a.m.s.f.DefaultMavenResourcesFiltering - Copying 1 resource from src\main\resources to target\classes
2024-12-06 22:07:52,328 [Worker-99: Building] INFO  o.a.m.s.f.DefaultMavenResourcesFiltering - Copying 0 resource from src\main\resources to target\classes
2024-12-06 22:07:52,331 [Worker-99: Building] INFO  o.a.m.s.f.DefaultMavenResourcesFiltering - skip non existing resourceDirectory C:\Users\Rama Teja\Dropbox\PC\Desktop\Sudharsh Project\backend\studentfeedbackbackend\src\test\resources
2024-12-06 22:09:27,669 [Worker-98: Building] INFO  o.a.m.s.f.DefaultMavenResourcesFiltering - Copying 1 resource from src\main\resources to target\classes
2024-12-06 22:09:27,676 [Worker-98: Building] INFO  o.a.m.s.f.DefaultMavenResourcesFiltering - Copying 0 resource from src\main\resources to target\classes
2024-12-06 22:09:27,679 [Worker-98: Building] INFO  o.a.m.s.f.DefaultMavenResourcesFiltering - skip non existing resourceDirectory C:\Users\Rama Teja\Dropbox\PC\Desktop\Sudharsh Project\backend\studentfeedbackbackend\src\test\resources
2024-12-06 22:10:03,880 [Worker-95: Building] INFO  o.a.m.s.f.DefaultMavenResourcesFiltering - Copying 1 resource from src\main\resources to target\classes
2024-12-06 22:10:03,887 [Worker-95: Building] INFO  o.a.m.s.f.DefaultMavenResourcesFiltering - Copying 0 resource from src\main\resources to target\classes
2024-12-06 22:10:03,890 [Worker-95: Building] INFO  o.a.m.s.f.DefaultMavenResourcesFiltering - skip non existing resourceDirectory C:\Users\Rama Teja\Dropbox\PC\Desktop\Sudharsh Project\backend\studentfeedbackbackend\src\test\resources
2024-12-06 22:16:43,987 [Worker-98: Building] INFO  o.a.m.s.f.DefaultMavenResourcesFiltering - Copying 1 resource from src\main\resources to target\classes
2024-12-06 22:16:43,995 [Worker-98: Building] INFO  o.a.m.s.f.DefaultMavenResourcesFiltering - Copying 0 resource from src\main\resources to target\classes
2024-12-06 22:16:44,000 [Worker-98: Building] INFO  o.a.m.s.f.DefaultMavenResourcesFiltering - skip non existing resourceDirectory C:\Users\Rama Teja\Dropbox\PC\Desktop\Sudharsh Project\backend\studentfeedbackbackend\src\test\resources
2024-12-06 22:16:56,170 [Worker-98: Building] INFO  o.a.m.s.f.DefaultMavenResourcesFiltering - Copying 1 resource from src\main\resources to target\classes
2024-12-06 22:16:56,180 [Worker-98: Building] INFO  o.a.m.s.f.DefaultMavenResourcesFiltering - Copying 0 resource from src\main\resources to target\classes
2024-12-06 22:16:56,184 [Worker-98: Building] INFO  o.a.m.s.f.DefaultMavenResourcesFiltering - skip non existing resourceDirectory C:\Users\Rama Teja\Dropbox\PC\Desktop\Sudharsh Project\backend\studentfeedbackbackend\src\test\resources
2024-12-06 22:17:06,140 [Worker-98: Building] INFO  o.a.m.s.f.DefaultMavenResourcesFiltering - Copying 1 resource from src\main\resources to target\classes
2024-12-06 22:17:06,147 [Worker-98: Building] INFO  o.a.m.s.f.DefaultMavenResourcesFiltering - Copying 0 resource from src\main\resources to target\classes
2024-12-06 22:17:06,150 [Worker-98: Building] INFO  o.a.m.s.f.DefaultMavenResourcesFiltering - skip non existing resourceDirectory C:\Users\Rama Teja\Dropbox\PC\Desktop\Sudharsh Project\backend\studentfeedbackbackend\src\test\resources
2024-12-06 22:19:04,664 [Worker-105: Building] INFO  o.a.m.s.f.DefaultMavenResourcesFiltering - Copying 1 resource from src\main\resources to target\classes
2024-12-06 22:19:04,674 [Worker-105: Building] INFO  o.a.m.s.f.DefaultMavenResourcesFiltering - Copying 0 resource from src\main\resources to target\classes
2024-12-06 22:19:04,680 [Worker-105: Building] INFO  o.a.m.s.f.DefaultMavenResourcesFiltering - skip non existing resourceDirectory C:\Users\Rama Teja\Dropbox\PC\Desktop\Sudharsh Project\backend\studentfeedbackbackend\src\test\resources
2024-12-06 22:19:13,932 [Worker-98: Building] INFO  o.a.m.s.f.DefaultMavenResourcesFiltering - Copying 1 resource from src\main\resources to target\classes
2024-12-06 22:19:13,937 [Worker-98: Building] INFO  o.a.m.s.f.DefaultMavenResourcesFiltering - Copying 0 resource from src\main\resources to target\classes
2024-12-06 22:19:13,941 [Worker-98: Building] INFO  o.a.m.s.f.DefaultMavenResourcesFiltering - skip non existing resourceDirectory C:\Users\Rama Teja\Dropbox\PC\Desktop\Sudharsh Project\backend\studentfeedbackbackend\src\test\resources
2024-12-06 22:19:20,116 [Worker-103: Building] INFO  o.a.m.s.f.DefaultMavenResourcesFiltering - Copying 1 resource from src\main\resources to target\classes
2024-12-06 22:19:20,121 [Worker-103: Building] INFO  o.a.m.s.f.DefaultMavenResourcesFiltering - Copying 0 resource from src\main\resources to target\classes
2024-12-06 22:19:20,123 [Worker-103: Building] INFO  o.a.m.s.f.DefaultMavenResourcesFiltering - skip non existing resourceDirectory C:\Users\Rama Teja\Dropbox\PC\Desktop\Sudharsh Project\backend\studentfeedbackbackend\src\test\resources
2024-12-06 22:34:51,068 [Worker-108: Building] INFO  o.a.m.s.f.DefaultMavenResourcesFiltering - Copying 1 resource from src\main\resources to target\classes
2024-12-06 22:34:51,075 [Worker-108: Building] INFO  o.a.m.s.f.DefaultMavenResourcesFiltering - Copying 0 resource from src\main\resources to target\classes
2024-12-06 22:34:51,079 [Worker-108: Building] INFO  o.a.m.s.f.DefaultMavenResourcesFiltering - skip non existing resourceDirectory C:\Users\Rama Teja\Dropbox\PC\Desktop\Sudharsh Project\backend\studentfeedbackbackend\src\test\resources
2024-12-06 22:35:27,111 [Worker-109: Building] INFO  o.a.m.s.f.DefaultMavenResourcesFiltering - Copying 1 resource from src\main\resources to target\classes
2024-12-06 22:35:27,121 [Worker-109: Building] INFO  o.a.m.s.f.DefaultMavenResourcesFiltering - Copying 0 resource from src\main\resources to target\classes
2024-12-06 22:35:27,123 [Worker-109: Building] INFO  o.a.m.s.f.DefaultMavenResourcesFiltering - skip non existing resourceDirectory C:\Users\Rama Teja\Dropbox\PC\Desktop\Sudharsh Project\backend\studentfeedbackbackend\src\test\resources
2024-12-06 22:35:37,404 [Worker-108: Building] INFO  o.a.m.s.f.DefaultMavenResourcesFiltering - Copying 1 resource from src\main\resources to target\classes
2024-12-06 22:35:37,409 [Worker-108: Building] INFO  o.a.m.s.f.DefaultMavenResourcesFiltering - Copying 0 resource from src\main\resources to target\classes
2024-12-06 22:35:37,412 [Worker-108: Building] INFO  o.a.m.s.f.DefaultMavenResourcesFiltering - skip non existing resourceDirectory C:\Users\Rama Teja\Dropbox\PC\Desktop\Sudharsh Project\backend\studentfeedbackbackend\src\test\resources
2024-12-06 22:37:23,907 [Worker-112: Building] INFO  o.a.m.s.f.DefaultMavenResourcesFiltering - Copying 1 resource from src\main\resources to target\classes
2024-12-06 22:37:23,915 [Worker-112: Building] INFO  o.a.m.s.f.DefaultMavenResourcesFiltering - Copying 0 resource from src\main\resources to target\classes
2024-12-06 22:37:23,918 [Worker-112: Building] INFO  o.a.m.s.f.DefaultMavenResourcesFiltering - skip non existing resourceDirectory C:\Users\Rama Teja\Dropbox\PC\Desktop\Sudharsh Project\backend\studentfeedbackbackend\src\test\resources
2024-12-06 22:37:32,088 [Worker-110: Building] INFO  o.a.m.s.f.DefaultMavenResourcesFiltering - Copying 1 resource from src\main\resources to target\classes
2024-12-06 22:37:32,097 [Worker-110: Building] INFO  o.a.m.s.f.DefaultMavenResourcesFiltering - Copying 0 resource from src\main\resources to target\classes
2024-12-06 22:37:32,100 [Worker-110: Building] INFO  o.a.m.s.f.DefaultMavenResourcesFiltering - skip non existing resourceDirectory C:\Users\Rama Teja\Dropbox\PC\Desktop\Sudharsh Project\backend\studentfeedbackbackend\src\test\resources
2024-12-06 22:37:41,311 [Worker-112: Building] INFO  o.a.m.s.f.DefaultMavenResourcesFiltering - Copying 1 resource from src\main\resources to target\classes
2024-12-06 22:37:41,318 [Worker-112: Building] INFO  o.a.m.s.f.DefaultMavenResourcesFiltering - Copying 0 resource from src\main\resources to target\classes
2024-12-06 22:37:41,321 [Worker-112: Building] INFO  o.a.m.s.f.DefaultMavenResourcesFiltering - skip non existing resourceDirectory C:\Users\Rama Teja\Dropbox\PC\Desktop\Sudharsh Project\backend\studentfeedbackbackend\src\test\resources
2024-12-06 22:37:57,108 [Worker-103: Building] INFO  o.a.m.s.f.DefaultMavenResourcesFiltering - Copying 1 resource from src\main\resources to target\classes
2024-12-06 22:37:57,115 [Worker-103: Building] INFO  o.a.m.s.f.DefaultMavenResourcesFiltering - Copying 0 resource from src\main\resources to target\classes
2024-12-06 22:37:57,118 [Worker-103: Building] INFO  o.a.m.s.f.DefaultMavenResourcesFiltering - skip non existing resourceDirectory C:\Users\Rama Teja\Dropbox\PC\Desktop\Sudharsh Project\backend\studentfeedbackbackend\src\test\resources
2024-12-06 22:38:13,037 [Worker-113: Building] INFO  o.a.m.s.f.DefaultMavenResourcesFiltering - Copying 1 resource from src\main\resources to target\classes
2024-12-06 22:38:13,045 [Worker-113: Building] INFO  o.a.m.s.f.DefaultMavenResourcesFiltering - Copying 0 resource from src\main\resources to target\classes
2024-12-06 22:38:13,049 [Worker-113: Building] INFO  o.a.m.s.f.DefaultMavenResourcesFiltering - skip non existing resourceDirectory C:\Users\Rama Teja\Dropbox\PC\Desktop\Sudharsh Project\backend\studentfeedbackbackend\src\test\resources
2024-12-06 22:38:29,082 [Worker-110: Building] INFO  o.a.m.s.f.DefaultMavenResourcesFiltering - Copying 1 resource from src\main\resources to target\classes
2024-12-06 22:38:29,087 [Worker-110: Building] INFO  o.a.m.s.f.DefaultMavenResourcesFiltering - Copying 0 resource from src\main\resources to target\classes
2024-12-06 22:38:29,090 [Worker-110: Building] INFO  o.a.m.s.f.DefaultMavenResourcesFiltering - skip non existing resourceDirectory C:\Users\Rama Teja\Dropbox\PC\Desktop\Sudharsh Project\backend\studentfeedbackbackend\src\test\resources
2024-12-06 22:38:42,993 [Worker-113: Building] INFO  o.a.m.s.f.DefaultMavenResourcesFiltering - Copying 1 resource from src\main\resources to target\classes
2024-12-06 22:38:42,998 [Worker-113: Building] INFO  o.a.m.s.f.DefaultMavenResourcesFiltering - Copying 0 resource from src\main\resources to target\classes
2024-12-06 22:38:43,001 [Worker-113: Building] INFO  o.a.m.s.f.DefaultMavenResourcesFiltering - skip non existing resourceDirectory C:\Users\Rama Teja\Dropbox\PC\Desktop\Sudharsh Project\backend\studentfeedbackbackend\src\test\resources
2024-12-06 22:58:35,510 [Worker-118: Building] INFO  o.a.m.s.f.DefaultMavenResourcesFiltering - Copying 1 resource from src\main\resources to target\classes
2024-12-06 22:58:35,525 [Worker-118: Building] INFO  o.a.m.s.f.DefaultMavenResourcesFiltering - Copying 0 resource from src\main\resources to target\classes
2024-12-06 22:58:35,528 [Worker-118: Building] INFO  o.a.m.s.f.DefaultMavenResourcesFiltering - skip non existing resourceDirectory C:\Users\Rama Teja\Dropbox\PC\Desktop\Sudharsh Project\backend\studentfeedbackbackend\src\test\resources
2024-12-06 23:19:17,391 [Worker-122: Building] INFO  o.a.m.s.f.DefaultMavenResourcesFiltering - Copying 1 resource from src\main\resources to target\classes
2024-12-06 23:19:17,401 [Worker-122: Building] INFO  o.a.m.s.f.DefaultMavenResourcesFiltering - Copying 0 resource from src\main\resources to target\classes
2024-12-06 23:19:17,403 [Worker-122: Building] INFO  o.a.m.s.f.DefaultMavenResourcesFiltering - skip non existing resourceDirectory C:\Users\Rama Teja\Dropbox\PC\Desktop\Sudharsh Project\backend\studentfeedbackbackend\src\test\resources
2024-12-06 23:23:07,666 [Worker-125: Building] INFO  o.a.m.s.f.DefaultMavenResourcesFiltering - Copying 1 resource from src\main\resources to target\classes
2024-12-06 23:23:07,795 [Worker-125: Building] INFO  o.a.m.s.f.DefaultMavenResourcesFiltering - Copying 0 resource from src\main\resources to target\classes
2024-12-06 23:23:07,802 [Worker-125: Building] INFO  o.a.m.s.f.DefaultMavenResourcesFiltering - skip non existing resourceDirectory C:\Users\Rama Teja\Dropbox\PC\Desktop\Sudharsh Project\backend\studentfeedbackbackend\src\test\resources
2024-12-06 23:24:52,138 [Worker-124: Building] INFO  o.a.m.s.f.DefaultMavenResourcesFiltering - Copying 1 resource from src\main\resources to target\classes
2024-12-06 23:24:52,153 [Worker-124: Building] INFO  o.a.m.s.f.DefaultMavenResourcesFiltering - Copying 0 resource from src\main\resources to target\classes
2024-12-06 23:24:52,156 [Worker-124: Building] INFO  o.a.m.s.f.DefaultMavenResourcesFiltering - skip non existing resourceDirectory C:\Users\Rama Teja\Dropbox\PC\Desktop\Sudharsh Project\backend\studentfeedbackbackend\src\test\resources
2024-12-06 23:24:57,611 [Worker-121: Building] INFO  o.a.m.s.f.DefaultMavenResourcesFiltering - Copying 1 resource from src\main\resources to target\classes
2024-12-06 23:24:57,627 [Worker-121: Building] INFO  o.a.m.s.f.DefaultMavenResourcesFiltering - Copying 0 resource from src\main\resources to target\classes
2024-12-06 23:24:57,629 [Worker-121: Building] INFO  o.a.m.s.f.DefaultMavenResourcesFiltering - skip non existing resourceDirectory C:\Users\Rama Teja\Dropbox\PC\Desktop\Sudharsh Project\backend\studentfeedbackbackend\src\test\resources
2024-12-06 23:25:21,615 [Worker-126: Building] INFO  o.a.m.s.f.DefaultMavenResourcesFiltering - Copying 1 resource from src\main\resources to target\classes
2024-12-06 23:25:21,621 [Worker-126: Building] INFO  o.a.m.s.f.DefaultMavenResourcesFiltering - Copying 0 resource from src\main\resources to target\classes
2024-12-06 23:25:21,626 [Worker-126: Building] INFO  o.a.m.s.f.DefaultMavenResourcesFiltering - skip non existing resourceDirectory C:\Users\Rama Teja\Dropbox\PC\Desktop\Sudharsh Project\backend\studentfeedbackbackend\src\test\resources
2024-12-06 23:25:37,596 [Worker-125: Building] INFO  o.a.m.s.f.DefaultMavenResourcesFiltering - Copying 1 resource from src\main\resources to target\classes
2024-12-06 23:25:37,600 [Worker-125: Building] INFO  o.a.m.s.f.DefaultMavenResourcesFiltering - Copying 0 resource from src\main\resources to target\classes
2024-12-06 23:25:37,603 [Worker-125: Building] INFO  o.a.m.s.f.DefaultMavenResourcesFiltering - skip non existing resourceDirectory C:\Users\Rama Teja\Dropbox\PC\Desktop\Sudharsh Project\backend\studentfeedbackbackend\src\test\resources
2024-12-06 23:26:02,694 [Worker-124: Building] INFO  o.a.m.s.f.DefaultMavenResourcesFiltering - Copying 1 resource from src\main\resources to target\classes
2024-12-06 23:26:02,704 [Worker-124: Building] INFO  o.a.m.s.f.DefaultMavenResourcesFiltering - Copying 0 resource from src\main\resources to target\classes
2024-12-06 23:26:02,709 [Worker-124: Building] INFO  o.a.m.s.f.DefaultMavenResourcesFiltering - skip non existing resourceDirectory C:\Users\Rama Teja\Dropbox\PC\Desktop\Sudharsh Project\backend\studentfeedbackbackend\src\test\resources
2024-12-06 23:52:15,103 [Worker-136: Building] INFO  o.a.m.s.f.DefaultMavenResourcesFiltering - Copying 1 resource from src\main\resources to target\classes
2024-12-06 23:52:15,111 [Worker-136: Building] INFO  o.a.m.s.f.DefaultMavenResourcesFiltering - Copying 0 resource from src\main\resources to target\classes
2024-12-06 23:52:15,113 [Worker-136: Building] INFO  o.a.m.s.f.DefaultMavenResourcesFiltering - skip non existing resourceDirectory C:\Users\Rama Teja\Dropbox\PC\Desktop\Sudharsh Project\backend\studentfeedbackbackend\src\test\resources
2024-12-06 23:52:35,292 [Worker-136: Building] INFO  o.a.m.s.f.DefaultMavenResourcesFiltering - Copying 1 resource from src\main\resources to target\classes
2024-12-06 23:52:35,301 [Worker-136: Building] INFO  o.a.m.s.f.DefaultMavenResourcesFiltering - Copying 0 resource from src\main\resources to target\classes
2024-12-06 23:52:35,304 [Worker-136: Building] INFO  o.a.m.s.f.DefaultMavenResourcesFiltering - skip non existing resourceDirectory C:\Users\Rama Teja\Dropbox\PC\Desktop\Sudharsh Project\backend\studentfeedbackbackend\src\test\resources
2024-12-06 23:52:41,881 [Worker-136: Building] INFO  o.a.m.s.f.DefaultMavenResourcesFiltering - Copying 1 resource from src\main\resources to target\classes
2024-12-06 23:52:41,887 [Worker-136: Building] INFO  o.a.m.s.f.DefaultMavenResourcesFiltering - Copying 0 resource from src\main\resources to target\classes
2024-12-06 23:52:41,890 [Worker-136: Building] INFO  o.a.m.s.f.DefaultMavenResourcesFiltering - skip non existing resourceDirectory C:\Users\Rama Teja\Dropbox\PC\Desktop\Sudharsh Project\backend\studentfeedbackbackend\src\test\resources
2024-12-07 00:06:17,738 [Worker-139: Building] INFO  o.a.m.s.f.DefaultMavenResourcesFiltering - Copying 1 resource from src\main\resources to target\classes
2024-12-07 00:06:17,752 [Worker-139: Building] INFO  o.a.m.s.f.DefaultMavenResourcesFiltering - Copying 0 resource from src\main\resources to target\classes
2024-12-07 00:06:17,756 [Worker-139: Building] INFO  o.a.m.s.f.DefaultMavenResourcesFiltering - skip non existing resourceDirectory C:\Users\Rama Teja\Dropbox\PC\Desktop\Sudharsh Project\backend\studentfeedbackbackend\src\test\resources
2024-12-07 00:06:29,248 [Worker-140: Building] INFO  o.a.m.s.f.DefaultMavenResourcesFiltering - Copying 1 resource from src\main\resources to target\classes
2024-12-07 00:06:29,257 [Worker-140: Building] INFO  o.a.m.s.f.DefaultMavenResourcesFiltering - Copying 0 resource from src\main\resources to target\classes
2024-12-07 00:06:29,261 [Worker-140: Building] INFO  o.a.m.s.f.DefaultMavenResourcesFiltering - skip non existing resourceDirectory C:\Users\Rama Teja\Dropbox\PC\Desktop\Sudharsh Project\backend\studentfeedbackbackend\src\test\resources
2024-12-07 00:06:39,426 [Worker-141: Building] INFO  o.a.m.s.f.DefaultMavenResourcesFiltering - Copying 1 resource from src\main\resources to target\classes
2024-12-07 00:06:39,440 [Worker-141: Building] INFO  o.a.m.s.f.DefaultMavenResourcesFiltering - Copying 0 resource from src\main\resources to target\classes
2024-12-07 00:06:39,445 [Worker-141: Building] INFO  o.a.m.s.f.DefaultMavenResourcesFiltering - skip non existing resourceDirectory C:\Users\Rama Teja\Dropbox\PC\Desktop\Sudharsh Project\backend\studentfeedbackbackend\src\test\resources
2024-12-07 00:11:49,482 [Worker-145: Building] INFO  o.a.m.s.f.DefaultMavenResourcesFiltering - Copying 1 resource from src\main\resources to target\classes
2024-12-07 00:11:49,499 [Worker-145: Building] INFO  o.a.m.s.f.DefaultMavenResourcesFiltering - Copying 0 resource from src\main\resources to target\classes
2024-12-07 00:11:49,502 [Worker-145: Building] INFO  o.a.m.s.f.DefaultMavenResourcesFiltering - skip non existing resourceDirectory C:\Users\Rama Teja\Dropbox\PC\Desktop\Sudharsh Project\backend\studentfeedbackbackend\src\test\resources
2024-12-07 00:12:20,675 [Worker-145: Building] INFO  o.a.m.s.f.DefaultMavenResourcesFiltering - Copying 1 resource from src\main\resources to target\classes
2024-12-07 00:12:20,691 [Worker-145: Building] INFO  o.a.m.s.f.DefaultMavenResourcesFiltering - Copying 0 resource from src\main\resources to target\classes
2024-12-07 00:12:20,695 [Worker-145: Building] INFO  o.a.m.s.f.DefaultMavenResourcesFiltering - skip non existing resourceDirectory C:\Users\Rama Teja\Dropbox\PC\Desktop\Sudharsh Project\backend\studentfeedbackbackend\src\test\resources
2024-12-07 00:12:59,435 [Worker-143: Building] INFO  o.a.m.s.f.DefaultMavenResourcesFiltering - Copying 1 resource from src\main\resources to target\classes
2024-12-07 00:12:59,443 [Worker-143: Building] INFO  o.a.m.s.f.DefaultMavenResourcesFiltering - Copying 0 resource from src\main\resources to target\classes
2024-12-07 00:12:59,445 [Worker-143: Building] INFO  o.a.m.s.f.DefaultMavenResourcesFiltering - skip non existing resourceDirectory C:\Users\Rama Teja\Dropbox\PC\Desktop\Sudharsh Project\backend\studentfeedbackbackend\src\test\resources
2024-12-07 00:17:14,728 [Stop Help Server] INFO  org.eclipse.jetty.server.Server - Stopped oejs.Server@e0c7675{STOPPING}[12.0.9,sto=0]
2024-12-07 00:17:14,755 [Stop Help Server] INFO  o.e.jetty.server.AbstractConnector - Stopped ServerConnector@229edd90{HTTP/1.1, (http/1.1)}{127.0.0.1:0}
